C:\USERS\AGGROR\DOCUMENTS\STELLAINCOGNITA\STELLAENGINE\STELLA INCOGNITA\DEBUG\STELLA INCOGNITA.EXE
C:\USERS\AGGROR\DOCUMENTS\STELLAINCOGNITA\STELLAENGINE\STELLA INCOGNITA\DEBUG\STELLA INCOGNITA.ILK
C:\USERS\AGGROR\DOCUMENTS\STELLAINCOGNITA\STELLAENGINE\STELLA INCOGNITA\DEBUG\STELLA INCOGNITA.PDB
C:\Users\Aggror\Documents\StellaIncognita\StellaEngine\Stella Incognita\Stella Incognita\Debug\cl.command.1.tlog
C:\Users\Aggror\Documents\StellaIncognita\StellaEngine\Stella Incognita\Stella Incognita\Debug\CL.read.1.tlog
C:\Users\Aggror\Documents\StellaIncognita\StellaEngine\Stella Incognita\Stella Incognita\Debug\CL.write.1.tlog
C:\Users\Aggror\Documents\StellaIncognita\StellaEngine\Stella Incognita\Stella Incognita\Debug\link.3300.read.1.tlog
C:\Users\Aggror\Documents\StellaIncognita\StellaEngine\Stella Incognita\Stella Incognita\Debug\link.3300.write.1.tlog
C:\Users\Aggror\Documents\StellaIncognita\StellaEngine\Stella Incognita\Stella Incognita\Debug\link.3300-cvtres.read.1.tlog
C:\Users\Aggror\Documents\StellaIncognita\StellaEngine\Stella Incognita\Stella Incognita\Debug\link.3300-cvtres.write.1.tlog
C:\Users\Aggror\Documents\StellaIncognita\StellaEngine\Stella Incognita\Stella Incognita\Debug\link.5240.read.1.tlog
C:\Users\Aggror\Documents\StellaIncognita\StellaEngine\Stella Incognita\Stella Incognita\Debug\link.5240.write.1.tlog
C:\Users\Aggror\Documents\StellaIncognita\StellaEngine\Stella Incognita\Stella Incognita\Debug\link.5240-cvtres.read.1.tlog
C:\Users\Aggror\Documents\StellaIncognita\StellaEngine\Stella Incognita\Stella Incognita\Debug\link.5240-cvtres.write.1.tlog
C:\Users\Aggror\Documents\StellaIncognita\StellaEngine\Stella Incognita\Stella Incognita\Debug\link.command.1.tlog
C:\Users\Aggror\Documents\StellaIncognita\StellaEngine\Stella Incognita\Stella Incognita\Debug\link.read.1.tlog
C:\Users\Aggror\Documents\StellaIncognita\StellaEngine\Stella Incognita\Stella Incognita\Debug\link.write.1.tlog
C:\Users\Aggror\Documents\StellaIncognita\StellaEngine\Stella Incognita\Stella Incognita\Debug\link-cvtres.read.1.tlog
C:\Users\Aggror\Documents\StellaIncognita\StellaEngine\Stella Incognita\Stella Incognita\Debug\link-cvtres.write.1.tlog
C:\USERS\AGGROR\DOCUMENTS\STELLAINCOGNITA\STELLAENGINE\STELLA INCOGNITA\STELLA INCOGNITA\DEBUG\MAIN.OBJ
C:\Users\Aggror\Documents\StellaIncognita\StellaEngine\Stella Incognita\Stella Incognita\Debug\mt.command.1.tlog
C:\Users\Aggror\Documents\StellaIncognita\StellaEngine\Stella Incognita\Stella Incognita\Debug\mt.read.1.tlog
C:\Users\Aggror\Documents\StellaIncognita\StellaEngine\Stella Incognita\Stella Incognita\Debug\mt.write.1.tlog
C:\Users\Aggror\Documents\StellaIncognita\StellaEngine\Stella Incognita\Stella Incognita\Debug\rc.command.1.tlog
C:\Users\Aggror\Documents\StellaIncognita\StellaEngine\Stella Incognita\Stella Incognita\Debug\rc.read.1.tlog
C:\Users\Aggror\Documents\StellaIncognita\StellaEngine\Stella Incognita\Stella Incognita\Debug\rc.write.1.tlog
C:\USERS\AGGROR\DOCUMENTS\STELLAINCOGNITA\STELLAENGINE\STELLA INCOGNITA\STELLA INCOGNITA\DEBUG\STELLA INCOGNITA.EXE.EMBED.MANIFEST
C:\USERS\AGGROR\DOCUMENTS\STELLAINCOGNITA\STELLAENGINE\STELLA INCOGNITA\STELLA INCOGNITA\DEBUG\STELLA INCOGNITA.EXE.EMBED.MANIFEST.RES
C:\USERS\AGGROR\DOCUMENTS\STELLAINCOGNITA\STELLAENGINE\STELLA INCOGNITA\STELLA INCOGNITA\DEBUG\STELLA INCOGNITA.EXE.INTERMEDIATE.MANIFEST
C:\Users\Aggror\Documents\StellaIncognita\StellaEngine\Stella Incognita\Stella Incognita\Debug\Stella Incognita.write.1.tlog
C:\Users\Aggror\Documents\StellaIncognita\StellaEngine\Stella Incognita\Stella Incognita\Debug\Stella Incognita_manifest.rc
C:\Users\Aggror\Documents\StellaIncognita\StellaEngine\Stella Incognita\Stella Incognita\Debug\vc100.idb
C:\USERS\AGGROR\DOCUMENTS\STELLAINCOGNITA\STELLAENGINE\STELLA INCOGNITA\STELLA INCOGNITA\DEBUG\VC100.PDB
