Build started 3/12/2013 3:27:37 PM.
     1>Project "C:\Users\nmatt_000\Documents\psi2.0\psi-2013\source\Irrlicht\Irrlicht10.0.vcxproj" on node 3 (build target(s)).
     1>InitializeBuildStatus:
         Creating "obj\Debug\Irrlicht.unsuccessfulbuild" because "AlwaysCreate" was specified.
       ClCompile:
         All outputs are up-to-date.
         All outputs are up-to-date.
       ResourceCompile:
         All outputs are up-to-date.
       ManifestResourceCompile:
         All outputs are up-to-date.
       Link:
         All outputs are up-to-date.
       Manifest:
         All outputs are up-to-date.
       FinalizeBuildStatus:
         Deleting file "obj\Debug\Irrlicht.unsuccessfulbuild".
         Touching "obj\Debug\Irrlicht.lastbuildstate".
     1>Done Building Project "C:\Users\nmatt_000\Documents\psi2.0\psi-2013\source\Irrlicht\Irrlicht10.0.vcxproj" (build target(s)).

Build succeeded.

Time Elapsed 00:00:00.63
