Build started 3/16/2013 11:01:30 PM.
     1>Project "D:\Documents\Git Repositories\psi-2013\source\ProjectStellaIncognita\ProjectStellaIncognita.vcxproj" on node 2 (build target(s)).
     1>InitializeBuildStatus:
         Touching "Release\ProjectStellaIncognita.unsuccessfulbuild".
       ClCompile:
         C:\Program Files (x86)\Microsoft Visual Studio 10.0\VC\bin\CL.exe /c /Zi /nologo /W3 /WX- /O2 /Oi /Oy- /GL /D _MBCS /Gm- /EHsc /MD /GS /Gy /fp:precise /Zc:wchar_t /Zc:forScope /Fo"Release\\" /Fd"Release\vc100.pdb" /Gd /TP /analyze- /errorReport:prompt CalculateRotation.cpp Input.cpp Main.cpp PlanetManager.cpp Ship.cpp SkyBoxManager.cpp Station.cpp Thruster.cpp
         CalculateRotation.cpp
         Input.cpp
         Main.cpp
         PlanetManager.cpp
     1>PlanetManager.cpp(31): warning C4244: 'argument' : conversion from 'unsigned int' to 'irr::f32', possible loss of data
     1>PlanetManager.cpp(31): warning C4244: 'argument' : conversion from 'unsigned int' to 'irr::f32', possible loss of data
     1>PlanetManager.cpp(31): warning C4244: 'argument' : conversion from 'unsigned int' to 'irr::f32', possible loss of data
     1>PlanetManager.cpp(38): warning C4244: 'argument' : conversion from 'unsigned int' to 'irr::f32', possible loss of data
     1>PlanetManager.cpp(38): warning C4244: 'argument' : conversion from 'unsigned int' to 'irr::f32', possible loss of data
     1>PlanetManager.cpp(38): warning C4244: 'argument' : conversion from 'unsigned int' to 'irr::f32', possible loss of data
     1>PlanetManager.cpp(46): warning C4244: 'argument' : conversion from 'unsigned int' to 'irr::f32', possible loss of data
     1>PlanetManager.cpp(46): warning C4244: 'argument' : conversion from 'unsigned int' to 'irr::f32', possible loss of data
     1>PlanetManager.cpp(46): warning C4244: 'argument' : conversion from 'unsigned int' to 'irr::f32', possible loss of data
     1>PlanetManager.cpp(53): warning C4244: 'argument' : conversion from 'unsigned int' to 'irr::f32', possible loss of data
     1>PlanetManager.cpp(53): warning C4244: 'argument' : conversion from 'unsigned int' to 'irr::f32', possible loss of data
     1>PlanetManager.cpp(53): warning C4244: 'argument' : conversion from 'unsigned int' to 'irr::f32', possible loss of data
     1>PlanetManager.cpp(60): warning C4244: 'argument' : conversion from 'unsigned int' to 'irr::f32', possible loss of data
     1>PlanetManager.cpp(60): warning C4244: 'argument' : conversion from 'unsigned int' to 'irr::f32', possible loss of data
     1>PlanetManager.cpp(60): warning C4244: 'argument' : conversion from 'unsigned int' to 'irr::f32', possible loss of data
     1>PlanetManager.cpp(67): warning C4244: 'argument' : conversion from 'unsigned int' to 'irr::f32', possible loss of data
     1>PlanetManager.cpp(67): warning C4244: 'argument' : conversion from 'unsigned int' to 'irr::f32', possible loss of data
     1>PlanetManager.cpp(67): warning C4244: 'argument' : conversion from 'unsigned int' to 'irr::f32', possible loss of data
     1>PlanetManager.cpp(74): warning C4244: 'argument' : conversion from 'unsigned int' to 'irr::f32', possible loss of data
     1>PlanetManager.cpp(74): warning C4244: 'argument' : conversion from 'unsigned int' to 'irr::f32', possible loss of data
     1>PlanetManager.cpp(74): warning C4244: 'argument' : conversion from 'unsigned int' to 'irr::f32', possible loss of data
     1>PlanetManager.cpp(81): warning C4244: 'argument' : conversion from 'unsigned int' to 'irr::f32', possible loss of data
     1>PlanetManager.cpp(81): warning C4244: 'argument' : conversion from 'unsigned int' to 'irr::f32', possible loss of data
     1>PlanetManager.cpp(81): warning C4244: 'argument' : conversion from 'unsigned int' to 'irr::f32', possible loss of data
         Ship.cpp
         SkyBoxManager.cpp
         Station.cpp
         Thruster.cpp
       Link:
         C:\Program Files (x86)\Microsoft Visual Studio 10.0\VC\bin\link.exe /ERRORREPORT:PROMPT /OUT:"D:\Documents\Git Repositories\psi-2013\source\Release\ProjectStellaIncognita.exe" /NOLOGO kernel32.lib user32.lib gdi32.lib winspool.lib comdlg32.lib advapi32.lib shell32.lib ole32.lib oleaut32.lib uuid.lib odbc32.lib odbccp32.lib /MANIFEST /ManifestFile:"Release\ProjectStellaIncognita.exe.intermediate.manifest" /MANIFESTUAC:"level='asInvoker' uiAccess='false'" /DEBUG /PDB:"D:\Documents\Git Repositories\psi-2013\source\Release\ProjectStellaIncognita.pdb" /OPT:REF /OPT:ICF /LTCG /TLBID:1 /DYNAMICBASE /NXCOMPAT /IMPLIB:"D:\Documents\Git Repositories\psi-2013\source\Release\ProjectStellaIncognita.lib" /MACHINE:X86 Release\CalculateRotation.obj
         Release\Input.obj
         Release\Main.obj
         Release\PlanetManager.obj
         Release\Ship.obj
         Release\SkyBoxManager.obj
         Release\Station.obj
         Release\Thruster.obj
         Generating code
         Finished generating code
         ProjectStellaIncognita.vcxproj -> D:\Documents\Git Repositories\psi-2013\source\Release\ProjectStellaIncognita.exe
       Manifest:
         C:\Program Files (x86)\Microsoft SDKs\Windows\v7.0A\bin\mt.exe /nologo /verbose /outputresource:"D:\Documents\Git Repositories\psi-2013\source\Release\ProjectStellaIncognita.exe;#1" /manifest Release\ProjectStellaIncognita.exe.intermediate.manifest
       FinalizeBuildStatus:
         Deleting file "Release\ProjectStellaIncognita.unsuccessfulbuild".
         Touching "Release\ProjectStellaIncognita.lastbuildstate".
     1>Done Building Project "D:\Documents\Git Repositories\psi-2013\source\ProjectStellaIncognita\ProjectStellaIncognita.vcxproj" (build target(s)).

Build succeeded.

Time Elapsed 00:00:04.22
