Build started 2/7/2013 12:55:59 PM.
     1>Project "C:\Users\GvH\Downloads\irrlicht-1.8\irrlicht-1.8\examples\21.Quake3Explorer\Quake3Explorer_vc10.vcxproj" on node 2 (build target(s)).
     1>InitializeBuildStatus:
         Creating "Debug\21.Quake3Explorer.unsuccessfulbuild" because "AlwaysCreate" was specified.
       ClCompile:
         C:\Program Files\Microsoft Visual Studio 10.0\VC\bin\CL.exe /c /I..\..\include /ZI /nologo /W3 /WX- /Od /Oy- /D WIN32 /D _DEBUG /D _WINDOWS /D _VC80_UPGRADE=0x0710 /D _MBCS /Gm /EHsc /RTC1 /MTd /GS /fp:precise /Zc:wchar_t /Zc:forScope /Fo"Debug\\" /Fd"Debug\vc100.pdb" /Gd /TP /analyze- /errorReport:prompt main.cpp q3factory.cpp sound.cpp
         sound.cpp
         q3factory.cpp
         main.cpp
         Generating Code...
       ManifestResourceCompile:
         C:\Program Files\Microsoft SDKs\Windows\v7.0A\bin\rc.exe /nologo /fo"Debug\21.Quake3Explorer.exe.embed.manifest.res" Debug\21.Quake3Explorer_manifest.rc 
       Link:
         C:\Program Files\Microsoft Visual Studio 10.0\VC\bin\link.exe /ERRORREPORT:PROMPT /OUT:"..\..\bin\Win32-VisualStudio\21.Quake3Explorer.exe" /INCREMENTAL /NOLOGO /LIBPATH:"..\..\lib\Win32-visualstudio" kernel32.lib user32.lib gdi32.lib winspool.lib comdlg32.lib advapi32.lib shell32.lib ole32.lib oleaut32.lib uuid.lib odbc32.lib odbccp32.lib /MANIFEST /ManifestFile:"Debug\21.Quake3Explorer.exe.intermediate.manifest" /MANIFESTUAC:"level='asInvoker' uiAccess='false'" /DEBUG /PDB:"..\..\bin\Win32-VisualStudio\Quake3MapShader.pdb" /SUBSYSTEM:CONSOLE /TLBID:1 /DYNAMICBASE /IMPLIB:"..\..\bin\Win32-VisualStudio\21.Quake3Explorer.lib" /MACHINE:X86 Debug\21.Quake3Explorer.exe.embed.manifest.res
         Debug\main.obj
         Debug\q3factory.obj
         Debug\sound.obj
       Manifest:
         C:\Program Files\Microsoft SDKs\Windows\v7.0A\bin\mt.exe /nologo /verbose /out:"Debug\21.Quake3Explorer.exe.embed.manifest" /manifest Debug\21.Quake3Explorer.exe.intermediate.manifest
         C:\Program Files\Microsoft SDKs\Windows\v7.0A\bin\rc.exe /nologo /fo"Debug\21.Quake3Explorer.exe.embed.manifest.res" Debug\21.Quake3Explorer_manifest.rc 
       LinkEmbedManifest:
         C:\Program Files\Microsoft Visual Studio 10.0\VC\bin\link.exe /ERRORREPORT:PROMPT /OUT:"..\..\bin\Win32-VisualStudio\21.Quake3Explorer.exe" /INCREMENTAL /NOLOGO /LIBPATH:"..\..\lib\Win32-visualstudio" kernel32.lib user32.lib gdi32.lib winspool.lib comdlg32.lib advapi32.lib shell32.lib ole32.lib oleaut32.lib uuid.lib odbc32.lib odbccp32.lib /MANIFEST /ManifestFile:"Debug\21.Quake3Explorer.exe.intermediate.manifest" /MANIFESTUAC:"level='asInvoker' uiAccess='false'" /DEBUG /PDB:"..\..\bin\Win32-VisualStudio\Quake3MapShader.pdb" /SUBSYSTEM:CONSOLE /TLBID:1 /DYNAMICBASE /IMPLIB:"..\..\bin\Win32-VisualStudio\21.Quake3Explorer.lib" /MACHINE:X86 Debug\21.Quake3Explorer.exe.embed.manifest.res
         Debug\main.obj
         Debug\q3factory.obj
         Debug\sound.obj
         Quake3Explorer_vc10.vcxproj -> C:\Users\GvH\Downloads\irrlicht-1.8\irrlicht-1.8\examples\21.Quake3Explorer\..\..\bin\Win32-VisualStudio\21.Quake3Explorer.exe
       FinalizeBuildStatus:
         Deleting file "Debug\21.Quake3Explorer.unsuccessfulbuild".
         Touching "Debug\21.Quake3Explorer.lastbuildstate".
     1>Done Building Project "C:\Users\GvH\Downloads\irrlicht-1.8\irrlicht-1.8\examples\21.Quake3Explorer\Quake3Explorer_vc10.vcxproj" (build target(s)).

Build succeeded.

Time Elapsed 00:00:06.48
