C:\USERS\MITCHELL\DOCUMENTS\DOCUMENTEN\PSI\GAME\LIB SOURCES\ENGINE\STELLA INCOGNITA\RELEASE\SCENE.OBJ
C:\USERS\MITCHELL\DOCUMENTS\DOCUMENTEN\PSI\GAME\LIB SOURCES\ENGINE\STELLA INCOGNITA\RELEASE\GAME.OBJ
C:\USERS\MITCHELL\DOCUMENTS\DOCUMENTEN\PSI\GAME\LIB SOURCES\ENGINE\STELLA INCOGNITA\RELEASE\ENTITY.OBJ
C:\USERS\MITCHELL\DOCUMENTS\DOCUMENTEN\PSI\GAME\LIB SOURCES\ENGINE\STELLA INCOGNITA\RELEASE\COMPOSITE.OBJ
C:\USERS\MITCHELL\DOCUMENTS\DOCUMENTEN\PSI\GAME\LIB SOURCES\ENGINE\STELLA INCOGNITA\RELEASE\COMPONENT.OBJ
C:\USERS\MITCHELL\DOCUMENTS\DOCUMENTEN\PSI\GAME\LIB SOURCES\ENGINE\STELLA INCOGNITA\RELEASE\VC100.PDB
C:\USERS\MITCHELL\DOCUMENTS\DOCUMENTEN\PSI\GAME\LIB\ENGINE\STELLA INCOGNITA ENGINE.LIB
C:\Users\Mitchell\Documents\Documenten\PSI\Game\lib sources\Engine\Stella Incognita\Release\Component.obj
C:\Users\Mitchell\Documents\Documenten\PSI\Game\lib sources\Engine\Stella Incognita\Release\Composite.obj
C:\Users\Mitchell\Documents\Documenten\PSI\Game\lib sources\Engine\Stella Incognita\Release\Entity.obj
C:\Users\Mitchell\Documents\Documenten\PSI\Game\lib sources\Engine\Stella Incognita\Release\Game.obj
C:\Users\Mitchell\Documents\Documenten\PSI\Game\lib sources\Engine\Stella Incognita\Release\Scene.obj
C:\Users\Mitchell\Documents\Documenten\PSI\Game\lib sources\Engine\Stella Incognita\Release\cl.command.1.tlog
C:\Users\Mitchell\Documents\Documenten\PSI\Game\lib sources\Engine\Stella Incognita\Release\CL.read.1.tlog
C:\Users\Mitchell\Documents\Documenten\PSI\Game\lib sources\Engine\Stella Incognita\Release\CL.write.1.tlog
C:\Users\Mitchell\Documents\Documenten\PSI\Game\lib sources\Engine\Stella Incognita\Release\Lib-link.read.1.tlog
C:\Users\Mitchell\Documents\Documenten\PSI\Game\lib sources\Engine\Stella Incognita\Release\Lib-link.write.1.tlog
C:\Users\Mitchell\Documents\Documenten\PSI\Game\lib sources\Engine\Stella Incognita\Release\lib.command.1.tlog
C:\Users\Mitchell\Documents\Documenten\PSI\Game\lib sources\Engine\Stella Incognita\Release\vc100.pdb
C:\Users\Mitchell\Documents\Documenten\PSI\Game\lib sources\Engine\Stella Incognita\..\..\..\lib\Engine\Stella Incognita Engine.lib
