..\..\bin\Win32-VisualStudio\Irrlicht.ilk
..\..\bin\Win32-VisualStudio\Irrlicht.pdb
C:\USERS\GVH\DOWNLOADS\IRRLICHT-1.8\IRRLICHT-1.8\BIN\WIN32-VISUALSTUDIO\IRRLICHT.DLL
C:\USERS\GVH\DOWNLOADS\IRRLICHT-1.8\IRRLICHT-1.8\BIN\WIN32-VISUALSTUDIO\IRRLICHT.ILK
C:\USERS\GVH\DOWNLOADS\IRRLICHT-1.8\IRRLICHT-1.8\BIN\WIN32-VISUALSTUDIO\IRRLICHT.PDB
C:\Users\GvH\Downloads\irrlicht-1.8\irrlicht-1.8\lib\Win32-visualstudio\Irrlicht.exp
C:\Users\GvH\Downloads\irrlicht-1.8\irrlicht-1.8\lib\Win32-visualstudio\Irrlicht.lib
C:\Users\GvH\Downloads\irrlicht-1.8\irrlicht-1.8\source\Irrlicht\..\..\bin\Win32-VisualStudio\Irrlicht.dll
C:\USERS\GVH\DOWNLOADS\IRRLICHT-1.8\IRRLICHT-1.8\SOURCE\IRRLICHT\OBJ\DEBUG\ADLER32.OBJ
C:\USERS\GVH\DOWNLOADS\IRRLICHT-1.8\IRRLICHT-1.8\SOURCE\IRRLICHT\OBJ\DEBUG\AESCRYPT.OBJ
C:\USERS\GVH\DOWNLOADS\IRRLICHT-1.8\IRRLICHT-1.8\SOURCE\IRRLICHT\OBJ\DEBUG\AESKEY.OBJ
C:\USERS\GVH\DOWNLOADS\IRRLICHT-1.8\IRRLICHT-1.8\SOURCE\IRRLICHT\OBJ\DEBUG\AESTAB.OBJ
C:\USERS\GVH\DOWNLOADS\IRRLICHT-1.8\IRRLICHT-1.8\SOURCE\IRRLICHT\OBJ\DEBUG\BLOCKSORT.OBJ
C:\USERS\GVH\DOWNLOADS\IRRLICHT-1.8\IRRLICHT-1.8\SOURCE\IRRLICHT\OBJ\DEBUG\BZCOMPRESS.OBJ
C:\USERS\GVH\DOWNLOADS\IRRLICHT-1.8\IRRLICHT-1.8\SOURCE\IRRLICHT\OBJ\DEBUG\BZLIB.OBJ
C:\USERS\GVH\DOWNLOADS\IRRLICHT-1.8\IRRLICHT-1.8\SOURCE\IRRLICHT\OBJ\DEBUG\C3DSMESHFILELOADER.OBJ
C:\USERS\GVH\DOWNLOADS\IRRLICHT-1.8\IRRLICHT-1.8\SOURCE\IRRLICHT\OBJ\DEBUG\CANIMATEDMESHHALFLIFE.OBJ
C:\USERS\GVH\DOWNLOADS\IRRLICHT-1.8\IRRLICHT-1.8\SOURCE\IRRLICHT\OBJ\DEBUG\CANIMATEDMESHMD2.OBJ
C:\USERS\GVH\DOWNLOADS\IRRLICHT-1.8\IRRLICHT-1.8\SOURCE\IRRLICHT\OBJ\DEBUG\CANIMATEDMESHMD3.OBJ
C:\USERS\GVH\DOWNLOADS\IRRLICHT-1.8\IRRLICHT-1.8\SOURCE\IRRLICHT\OBJ\DEBUG\CANIMATEDMESHSCENENODE.OBJ
C:\USERS\GVH\DOWNLOADS\IRRLICHT-1.8\IRRLICHT-1.8\SOURCE\IRRLICHT\OBJ\DEBUG\CATTRIBUTES.OBJ
C:\USERS\GVH\DOWNLOADS\IRRLICHT-1.8\IRRLICHT-1.8\SOURCE\IRRLICHT\OBJ\DEBUG\CB3DMESHFILELOADER.OBJ
C:\USERS\GVH\DOWNLOADS\IRRLICHT-1.8\IRRLICHT-1.8\SOURCE\IRRLICHT\OBJ\DEBUG\CBILLBOARDSCENENODE.OBJ
C:\USERS\GVH\DOWNLOADS\IRRLICHT-1.8\IRRLICHT-1.8\SOURCE\IRRLICHT\OBJ\DEBUG\CBONESCENENODE.OBJ
C:\USERS\GVH\DOWNLOADS\IRRLICHT-1.8\IRRLICHT-1.8\SOURCE\IRRLICHT\OBJ\DEBUG\CBSPMESHFILELOADER.OBJ
C:\USERS\GVH\DOWNLOADS\IRRLICHT-1.8\IRRLICHT-1.8\SOURCE\IRRLICHT\OBJ\DEBUG\CBURNINGSHADER_RASTER_REFERENCE.OBJ
C:\USERS\GVH\DOWNLOADS\IRRLICHT-1.8\IRRLICHT-1.8\SOURCE\IRRLICHT\OBJ\DEBUG\CCAMERASCENENODE.OBJ
C:\USERS\GVH\DOWNLOADS\IRRLICHT-1.8\IRRLICHT-1.8\SOURCE\IRRLICHT\OBJ\DEBUG\CCGMATERIALRENDERER.OBJ
C:\USERS\GVH\DOWNLOADS\IRRLICHT-1.8\IRRLICHT-1.8\SOURCE\IRRLICHT\OBJ\DEBUG\CCOLLADAFILELOADER.OBJ
C:\USERS\GVH\DOWNLOADS\IRRLICHT-1.8\IRRLICHT-1.8\SOURCE\IRRLICHT\OBJ\DEBUG\CCOLLADAMESHWRITER.OBJ
C:\USERS\GVH\DOWNLOADS\IRRLICHT-1.8\IRRLICHT-1.8\SOURCE\IRRLICHT\OBJ\DEBUG\CCOLORCONVERTER.OBJ
C:\USERS\GVH\DOWNLOADS\IRRLICHT-1.8\IRRLICHT-1.8\SOURCE\IRRLICHT\OBJ\DEBUG\CCSMLOADER.OBJ
C:\USERS\GVH\DOWNLOADS\IRRLICHT-1.8\IRRLICHT-1.8\SOURCE\IRRLICHT\OBJ\DEBUG\CCUBESCENENODE.OBJ
C:\USERS\GVH\DOWNLOADS\IRRLICHT-1.8\IRRLICHT-1.8\SOURCE\IRRLICHT\OBJ\DEBUG\CD3D8DRIVER.OBJ
C:\USERS\GVH\DOWNLOADS\IRRLICHT-1.8\IRRLICHT-1.8\SOURCE\IRRLICHT\OBJ\DEBUG\CD3D8NORMALMAPRENDERER.OBJ
C:\USERS\GVH\DOWNLOADS\IRRLICHT-1.8\IRRLICHT-1.8\SOURCE\IRRLICHT\OBJ\DEBUG\CD3D8PARALLAXMAPRENDERER.OBJ
C:\USERS\GVH\DOWNLOADS\IRRLICHT-1.8\IRRLICHT-1.8\SOURCE\IRRLICHT\OBJ\DEBUG\CD3D8SHADERMATERIALRENDERER.OBJ
C:\USERS\GVH\DOWNLOADS\IRRLICHT-1.8\IRRLICHT-1.8\SOURCE\IRRLICHT\OBJ\DEBUG\CD3D8TEXTURE.OBJ
C:\USERS\GVH\DOWNLOADS\IRRLICHT-1.8\IRRLICHT-1.8\SOURCE\IRRLICHT\OBJ\DEBUG\CD3D9CGMATERIALRENDERER.OBJ
C:\USERS\GVH\DOWNLOADS\IRRLICHT-1.8\IRRLICHT-1.8\SOURCE\IRRLICHT\OBJ\DEBUG\CD3D9DRIVER.OBJ
C:\USERS\GVH\DOWNLOADS\IRRLICHT-1.8\IRRLICHT-1.8\SOURCE\IRRLICHT\OBJ\DEBUG\CD3D9HLSLMATERIALRENDERER.OBJ
C:\USERS\GVH\DOWNLOADS\IRRLICHT-1.8\IRRLICHT-1.8\SOURCE\IRRLICHT\OBJ\DEBUG\CD3D9NORMALMAPRENDERER.OBJ
C:\USERS\GVH\DOWNLOADS\IRRLICHT-1.8\IRRLICHT-1.8\SOURCE\IRRLICHT\OBJ\DEBUG\CD3D9PARALLAXMAPRENDERER.OBJ
C:\USERS\GVH\DOWNLOADS\IRRLICHT-1.8\IRRLICHT-1.8\SOURCE\IRRLICHT\OBJ\DEBUG\CD3D9SHADERMATERIALRENDERER.OBJ
C:\USERS\GVH\DOWNLOADS\IRRLICHT-1.8\IRRLICHT-1.8\SOURCE\IRRLICHT\OBJ\DEBUG\CD3D9TEXTURE.OBJ
C:\USERS\GVH\DOWNLOADS\IRRLICHT-1.8\IRRLICHT-1.8\SOURCE\IRRLICHT\OBJ\DEBUG\CDEFAULTGUIELEMENTFACTORY.OBJ
C:\USERS\GVH\DOWNLOADS\IRRLICHT-1.8\IRRLICHT-1.8\SOURCE\IRRLICHT\OBJ\DEBUG\CDEFAULTSCENENODEANIMATORFACTORY.OBJ
C:\USERS\GVH\DOWNLOADS\IRRLICHT-1.8\IRRLICHT-1.8\SOURCE\IRRLICHT\OBJ\DEBUG\CDEFAULTSCENENODEFACTORY.OBJ
C:\USERS\GVH\DOWNLOADS\IRRLICHT-1.8\IRRLICHT-1.8\SOURCE\IRRLICHT\OBJ\DEBUG\CDEPTHBUFFER.OBJ
C:\USERS\GVH\DOWNLOADS\IRRLICHT-1.8\IRRLICHT-1.8\SOURCE\IRRLICHT\OBJ\DEBUG\CDMFLOADER.OBJ
C:\USERS\GVH\DOWNLOADS\IRRLICHT-1.8\IRRLICHT-1.8\SOURCE\IRRLICHT\OBJ\DEBUG\CDUMMYTRANSFORMATIONSCENENODE.OBJ
C:\USERS\GVH\DOWNLOADS\IRRLICHT-1.8\IRRLICHT-1.8\SOURCE\IRRLICHT\OBJ\DEBUG\CEMPTYSCENENODE.OBJ
C:\USERS\GVH\DOWNLOADS\IRRLICHT-1.8\IRRLICHT-1.8\SOURCE\IRRLICHT\OBJ\DEBUG\CFILELIST.OBJ
C:\USERS\GVH\DOWNLOADS\IRRLICHT-1.8\IRRLICHT-1.8\SOURCE\IRRLICHT\OBJ\DEBUG\CFILESYSTEM.OBJ
C:\USERS\GVH\DOWNLOADS\IRRLICHT-1.8\IRRLICHT-1.8\SOURCE\IRRLICHT\OBJ\DEBUG\CFPSCOUNTER.OBJ
C:\USERS\GVH\DOWNLOADS\IRRLICHT-1.8\IRRLICHT-1.8\SOURCE\IRRLICHT\OBJ\DEBUG\CGEOMETRYCREATOR.OBJ
C:\USERS\GVH\DOWNLOADS\IRRLICHT-1.8\IRRLICHT-1.8\SOURCE\IRRLICHT\OBJ\DEBUG\CGUIBUTTON.OBJ
C:\USERS\GVH\DOWNLOADS\IRRLICHT-1.8\IRRLICHT-1.8\SOURCE\IRRLICHT\OBJ\DEBUG\CGUICHECKBOX.OBJ
C:\USERS\GVH\DOWNLOADS\IRRLICHT-1.8\IRRLICHT-1.8\SOURCE\IRRLICHT\OBJ\DEBUG\CGUICOLORSELECTDIALOG.OBJ
C:\USERS\GVH\DOWNLOADS\IRRLICHT-1.8\IRRLICHT-1.8\SOURCE\IRRLICHT\OBJ\DEBUG\CGUICOMBOBOX.OBJ
C:\USERS\GVH\DOWNLOADS\IRRLICHT-1.8\IRRLICHT-1.8\SOURCE\IRRLICHT\OBJ\DEBUG\CGUICONTEXTMENU.OBJ
C:\USERS\GVH\DOWNLOADS\IRRLICHT-1.8\IRRLICHT-1.8\SOURCE\IRRLICHT\OBJ\DEBUG\CGUIEDITBOX.OBJ
C:\USERS\GVH\DOWNLOADS\IRRLICHT-1.8\IRRLICHT-1.8\SOURCE\IRRLICHT\OBJ\DEBUG\CGUIENVIRONMENT.OBJ
C:\USERS\GVH\DOWNLOADS\IRRLICHT-1.8\IRRLICHT-1.8\SOURCE\IRRLICHT\OBJ\DEBUG\CGUIFILEOPENDIALOG.OBJ
C:\USERS\GVH\DOWNLOADS\IRRLICHT-1.8\IRRLICHT-1.8\SOURCE\IRRLICHT\OBJ\DEBUG\CGUIFONT.OBJ
C:\USERS\GVH\DOWNLOADS\IRRLICHT-1.8\IRRLICHT-1.8\SOURCE\IRRLICHT\OBJ\DEBUG\CGUIIMAGE.OBJ
C:\USERS\GVH\DOWNLOADS\IRRLICHT-1.8\IRRLICHT-1.8\SOURCE\IRRLICHT\OBJ\DEBUG\CGUIIMAGELIST.OBJ
C:\USERS\GVH\DOWNLOADS\IRRLICHT-1.8\IRRLICHT-1.8\SOURCE\IRRLICHT\OBJ\DEBUG\CGUIINOUTFADER.OBJ
C:\USERS\GVH\DOWNLOADS\IRRLICHT-1.8\IRRLICHT-1.8\SOURCE\IRRLICHT\OBJ\DEBUG\CGUILISTBOX.OBJ
C:\USERS\GVH\DOWNLOADS\IRRLICHT-1.8\IRRLICHT-1.8\SOURCE\IRRLICHT\OBJ\DEBUG\CGUIMENU.OBJ
C:\USERS\GVH\DOWNLOADS\IRRLICHT-1.8\IRRLICHT-1.8\SOURCE\IRRLICHT\OBJ\DEBUG\CGUIMESHVIEWER.OBJ
C:\USERS\GVH\DOWNLOADS\IRRLICHT-1.8\IRRLICHT-1.8\SOURCE\IRRLICHT\OBJ\DEBUG\CGUIMESSAGEBOX.OBJ
C:\USERS\GVH\DOWNLOADS\IRRLICHT-1.8\IRRLICHT-1.8\SOURCE\IRRLICHT\OBJ\DEBUG\CGUIMODALSCREEN.OBJ
C:\USERS\GVH\DOWNLOADS\IRRLICHT-1.8\IRRLICHT-1.8\SOURCE\IRRLICHT\OBJ\DEBUG\CGUISCROLLBAR.OBJ
C:\USERS\GVH\DOWNLOADS\IRRLICHT-1.8\IRRLICHT-1.8\SOURCE\IRRLICHT\OBJ\DEBUG\CGUISKIN.OBJ
C:\USERS\GVH\DOWNLOADS\IRRLICHT-1.8\IRRLICHT-1.8\SOURCE\IRRLICHT\OBJ\DEBUG\CGUISPINBOX.OBJ
C:\USERS\GVH\DOWNLOADS\IRRLICHT-1.8\IRRLICHT-1.8\SOURCE\IRRLICHT\OBJ\DEBUG\CGUISPRITEBANK.OBJ
C:\USERS\GVH\DOWNLOADS\IRRLICHT-1.8\IRRLICHT-1.8\SOURCE\IRRLICHT\OBJ\DEBUG\CGUISTATICTEXT.OBJ
C:\USERS\GVH\DOWNLOADS\IRRLICHT-1.8\IRRLICHT-1.8\SOURCE\IRRLICHT\OBJ\DEBUG\CGUITABCONTROL.OBJ
C:\USERS\GVH\DOWNLOADS\IRRLICHT-1.8\IRRLICHT-1.8\SOURCE\IRRLICHT\OBJ\DEBUG\CGUITABLE.OBJ
C:\USERS\GVH\DOWNLOADS\IRRLICHT-1.8\IRRLICHT-1.8\SOURCE\IRRLICHT\OBJ\DEBUG\CGUITOOLBAR.OBJ
C:\USERS\GVH\DOWNLOADS\IRRLICHT-1.8\IRRLICHT-1.8\SOURCE\IRRLICHT\OBJ\DEBUG\CGUITREEVIEW.OBJ
C:\USERS\GVH\DOWNLOADS\IRRLICHT-1.8\IRRLICHT-1.8\SOURCE\IRRLICHT\OBJ\DEBUG\CGUIWINDOW.OBJ
C:\USERS\GVH\DOWNLOADS\IRRLICHT-1.8\IRRLICHT-1.8\SOURCE\IRRLICHT\OBJ\DEBUG\CIMAGE.OBJ
C:\USERS\GVH\DOWNLOADS\IRRLICHT-1.8\IRRLICHT-1.8\SOURCE\IRRLICHT\OBJ\DEBUG\CIMAGELOADERBMP.OBJ
C:\USERS\GVH\DOWNLOADS\IRRLICHT-1.8\IRRLICHT-1.8\SOURCE\IRRLICHT\OBJ\DEBUG\CIMAGELOADERDDS.OBJ
C:\USERS\GVH\DOWNLOADS\IRRLICHT-1.8\IRRLICHT-1.8\SOURCE\IRRLICHT\OBJ\DEBUG\CIMAGELOADERJPG.OBJ
C:\USERS\GVH\DOWNLOADS\IRRLICHT-1.8\IRRLICHT-1.8\SOURCE\IRRLICHT\OBJ\DEBUG\CIMAGELOADERPCX.OBJ
C:\USERS\GVH\DOWNLOADS\IRRLICHT-1.8\IRRLICHT-1.8\SOURCE\IRRLICHT\OBJ\DEBUG\CIMAGELOADERPNG.OBJ
C:\USERS\GVH\DOWNLOADS\IRRLICHT-1.8\IRRLICHT-1.8\SOURCE\IRRLICHT\OBJ\DEBUG\CIMAGELOADERPPM.OBJ
C:\USERS\GVH\DOWNLOADS\IRRLICHT-1.8\IRRLICHT-1.8\SOURCE\IRRLICHT\OBJ\DEBUG\CIMAGELOADERPSD.OBJ
C:\USERS\GVH\DOWNLOADS\IRRLICHT-1.8\IRRLICHT-1.8\SOURCE\IRRLICHT\OBJ\DEBUG\CIMAGELOADERRGB.OBJ
C:\USERS\GVH\DOWNLOADS\IRRLICHT-1.8\IRRLICHT-1.8\SOURCE\IRRLICHT\OBJ\DEBUG\CIMAGELOADERTGA.OBJ
C:\USERS\GVH\DOWNLOADS\IRRLICHT-1.8\IRRLICHT-1.8\SOURCE\IRRLICHT\OBJ\DEBUG\CIMAGELOADERWAL.OBJ
C:\USERS\GVH\DOWNLOADS\IRRLICHT-1.8\IRRLICHT-1.8\SOURCE\IRRLICHT\OBJ\DEBUG\CIMAGEWRITERBMP.OBJ
C:\USERS\GVH\DOWNLOADS\IRRLICHT-1.8\IRRLICHT-1.8\SOURCE\IRRLICHT\OBJ\DEBUG\CIMAGEWRITERJPG.OBJ
C:\USERS\GVH\DOWNLOADS\IRRLICHT-1.8\IRRLICHT-1.8\SOURCE\IRRLICHT\OBJ\DEBUG\CIMAGEWRITERPCX.OBJ
C:\USERS\GVH\DOWNLOADS\IRRLICHT-1.8\IRRLICHT-1.8\SOURCE\IRRLICHT\OBJ\DEBUG\CIMAGEWRITERPNG.OBJ
C:\USERS\GVH\DOWNLOADS\IRRLICHT-1.8\IRRLICHT-1.8\SOURCE\IRRLICHT\OBJ\DEBUG\CIMAGEWRITERPPM.OBJ
C:\USERS\GVH\DOWNLOADS\IRRLICHT-1.8\IRRLICHT-1.8\SOURCE\IRRLICHT\OBJ\DEBUG\CIMAGEWRITERPSD.OBJ
C:\USERS\GVH\DOWNLOADS\IRRLICHT-1.8\IRRLICHT-1.8\SOURCE\IRRLICHT\OBJ\DEBUG\CIMAGEWRITERTGA.OBJ
C:\USERS\GVH\DOWNLOADS\IRRLICHT-1.8\IRRLICHT-1.8\SOURCE\IRRLICHT\OBJ\DEBUG\CIRRDEVICECONSOLE.OBJ
C:\USERS\GVH\DOWNLOADS\IRRLICHT-1.8\IRRLICHT-1.8\SOURCE\IRRLICHT\OBJ\DEBUG\CIRRDEVICEFB.OBJ
C:\USERS\GVH\DOWNLOADS\IRRLICHT-1.8\IRRLICHT-1.8\SOURCE\IRRLICHT\OBJ\DEBUG\CIRRDEVICELINUX.OBJ
C:\USERS\GVH\DOWNLOADS\IRRLICHT-1.8\IRRLICHT-1.8\SOURCE\IRRLICHT\OBJ\DEBUG\CIRRDEVICESDL.OBJ
C:\USERS\GVH\DOWNLOADS\IRRLICHT-1.8\IRRLICHT-1.8\SOURCE\IRRLICHT\OBJ\DEBUG\CIRRDEVICESTUB.OBJ
C:\USERS\GVH\DOWNLOADS\IRRLICHT-1.8\IRRLICHT-1.8\SOURCE\IRRLICHT\OBJ\DEBUG\CIRRDEVICEWIN32.OBJ
C:\USERS\GVH\DOWNLOADS\IRRLICHT-1.8\IRRLICHT-1.8\SOURCE\IRRLICHT\OBJ\DEBUG\CIRRDEVICEWINCE.OBJ
C:\USERS\GVH\DOWNLOADS\IRRLICHT-1.8\IRRLICHT-1.8\SOURCE\IRRLICHT\OBJ\DEBUG\CIRRMESHFILELOADER.OBJ
C:\USERS\GVH\DOWNLOADS\IRRLICHT-1.8\IRRLICHT-1.8\SOURCE\IRRLICHT\OBJ\DEBUG\CIRRMESHWRITER.OBJ
C:\Users\GvH\Downloads\irrlicht-1.8\irrlicht-1.8\source\Irrlicht\obj\Debug\cl.command.1.tlog
C:\Users\GvH\Downloads\irrlicht-1.8\irrlicht-1.8\source\Irrlicht\obj\Debug\CL.read.1.tlog
C:\Users\GvH\Downloads\irrlicht-1.8\irrlicht-1.8\source\Irrlicht\obj\Debug\CL.write.1.tlog
C:\USERS\GVH\DOWNLOADS\IRRLICHT-1.8\IRRLICHT-1.8\SOURCE\IRRLICHT\OBJ\DEBUG\CLIGHTSCENENODE.OBJ
C:\USERS\GVH\DOWNLOADS\IRRLICHT-1.8\IRRLICHT-1.8\SOURCE\IRRLICHT\OBJ\DEBUG\CLIMITREADFILE.OBJ
C:\USERS\GVH\DOWNLOADS\IRRLICHT-1.8\IRRLICHT-1.8\SOURCE\IRRLICHT\OBJ\DEBUG\CLMTSMESHFILELOADER.OBJ
C:\USERS\GVH\DOWNLOADS\IRRLICHT-1.8\IRRLICHT-1.8\SOURCE\IRRLICHT\OBJ\DEBUG\CLOGGER.OBJ
C:\USERS\GVH\DOWNLOADS\IRRLICHT-1.8\IRRLICHT-1.8\SOURCE\IRRLICHT\OBJ\DEBUG\CLWOMESHFILELOADER.OBJ
C:\USERS\GVH\DOWNLOADS\IRRLICHT-1.8\IRRLICHT-1.8\SOURCE\IRRLICHT\OBJ\DEBUG\CMD2MESHFILELOADER.OBJ
C:\USERS\GVH\DOWNLOADS\IRRLICHT-1.8\IRRLICHT-1.8\SOURCE\IRRLICHT\OBJ\DEBUG\CMD3MESHFILELOADER.OBJ
C:\USERS\GVH\DOWNLOADS\IRRLICHT-1.8\IRRLICHT-1.8\SOURCE\IRRLICHT\OBJ\DEBUG\CMEMORYFILE.OBJ
C:\USERS\GVH\DOWNLOADS\IRRLICHT-1.8\IRRLICHT-1.8\SOURCE\IRRLICHT\OBJ\DEBUG\CMESHCACHE.OBJ
C:\USERS\GVH\DOWNLOADS\IRRLICHT-1.8\IRRLICHT-1.8\SOURCE\IRRLICHT\OBJ\DEBUG\CMESHMANIPULATOR.OBJ
C:\USERS\GVH\DOWNLOADS\IRRLICHT-1.8\IRRLICHT-1.8\SOURCE\IRRLICHT\OBJ\DEBUG\CMESHSCENENODE.OBJ
C:\USERS\GVH\DOWNLOADS\IRRLICHT-1.8\IRRLICHT-1.8\SOURCE\IRRLICHT\OBJ\DEBUG\CMETATRIANGLESELECTOR.OBJ
C:\USERS\GVH\DOWNLOADS\IRRLICHT-1.8\IRRLICHT-1.8\SOURCE\IRRLICHT\OBJ\DEBUG\CMOUNTPOINTREADER.OBJ
C:\USERS\GVH\DOWNLOADS\IRRLICHT-1.8\IRRLICHT-1.8\SOURCE\IRRLICHT\OBJ\DEBUG\CMS3DMESHFILELOADER.OBJ
C:\USERS\GVH\DOWNLOADS\IRRLICHT-1.8\IRRLICHT-1.8\SOURCE\IRRLICHT\OBJ\DEBUG\CMY3DMESHFILELOADER.OBJ
C:\USERS\GVH\DOWNLOADS\IRRLICHT-1.8\IRRLICHT-1.8\SOURCE\IRRLICHT\OBJ\DEBUG\CNPKREADER.OBJ
C:\USERS\GVH\DOWNLOADS\IRRLICHT-1.8\IRRLICHT-1.8\SOURCE\IRRLICHT\OBJ\DEBUG\CNULLDRIVER.OBJ
C:\USERS\GVH\DOWNLOADS\IRRLICHT-1.8\IRRLICHT-1.8\SOURCE\IRRLICHT\OBJ\DEBUG\COBJMESHFILELOADER.OBJ
C:\USERS\GVH\DOWNLOADS\IRRLICHT-1.8\IRRLICHT-1.8\SOURCE\IRRLICHT\OBJ\DEBUG\COBJMESHWRITER.OBJ
C:\USERS\GVH\DOWNLOADS\IRRLICHT-1.8\IRRLICHT-1.8\SOURCE\IRRLICHT\OBJ\DEBUG\COCTLOADER.OBJ
C:\USERS\GVH\DOWNLOADS\IRRLICHT-1.8\IRRLICHT-1.8\SOURCE\IRRLICHT\OBJ\DEBUG\COCTREESCENENODE.OBJ
C:\USERS\GVH\DOWNLOADS\IRRLICHT-1.8\IRRLICHT-1.8\SOURCE\IRRLICHT\OBJ\DEBUG\COCTREETRIANGLESELECTOR.OBJ
C:\USERS\GVH\DOWNLOADS\IRRLICHT-1.8\IRRLICHT-1.8\SOURCE\IRRLICHT\OBJ\DEBUG\COGREMESHFILELOADER.OBJ
C:\USERS\GVH\DOWNLOADS\IRRLICHT-1.8\IRRLICHT-1.8\SOURCE\IRRLICHT\OBJ\DEBUG\COMPRESS.OBJ
C:\USERS\GVH\DOWNLOADS\IRRLICHT-1.8\IRRLICHT-1.8\SOURCE\IRRLICHT\OBJ\DEBUG\COPENGLCGMATERIALRENDERER.OBJ
C:\USERS\GVH\DOWNLOADS\IRRLICHT-1.8\IRRLICHT-1.8\SOURCE\IRRLICHT\OBJ\DEBUG\COPENGLDRIVER.OBJ
C:\USERS\GVH\DOWNLOADS\IRRLICHT-1.8\IRRLICHT-1.8\SOURCE\IRRLICHT\OBJ\DEBUG\COPENGLEXTENSIONHANDLER.OBJ
C:\USERS\GVH\DOWNLOADS\IRRLICHT-1.8\IRRLICHT-1.8\SOURCE\IRRLICHT\OBJ\DEBUG\COPENGLNORMALMAPRENDERER.OBJ
C:\USERS\GVH\DOWNLOADS\IRRLICHT-1.8\IRRLICHT-1.8\SOURCE\IRRLICHT\OBJ\DEBUG\COPENGLPARALLAXMAPRENDERER.OBJ
C:\USERS\GVH\DOWNLOADS\IRRLICHT-1.8\IRRLICHT-1.8\SOURCE\IRRLICHT\OBJ\DEBUG\COPENGLSHADERMATERIALRENDERER.OBJ
C:\USERS\GVH\DOWNLOADS\IRRLICHT-1.8\IRRLICHT-1.8\SOURCE\IRRLICHT\OBJ\DEBUG\COPENGLSLMATERIALRENDERER.OBJ
C:\USERS\GVH\DOWNLOADS\IRRLICHT-1.8\IRRLICHT-1.8\SOURCE\IRRLICHT\OBJ\DEBUG\COPENGLTEXTURE.OBJ
C:\USERS\GVH\DOWNLOADS\IRRLICHT-1.8\IRRLICHT-1.8\SOURCE\IRRLICHT\OBJ\DEBUG\COSOPERATOR.OBJ
C:\USERS\GVH\DOWNLOADS\IRRLICHT-1.8\IRRLICHT-1.8\SOURCE\IRRLICHT\OBJ\DEBUG\CPAKREADER.OBJ
C:\USERS\GVH\DOWNLOADS\IRRLICHT-1.8\IRRLICHT-1.8\SOURCE\IRRLICHT\OBJ\DEBUG\CPARTICLEANIMATEDMESHSCENENODEEMITTER.OBJ
C:\USERS\GVH\DOWNLOADS\IRRLICHT-1.8\IRRLICHT-1.8\SOURCE\IRRLICHT\OBJ\DEBUG\CPARTICLEATTRACTIONAFFECTOR.OBJ
C:\USERS\GVH\DOWNLOADS\IRRLICHT-1.8\IRRLICHT-1.8\SOURCE\IRRLICHT\OBJ\DEBUG\CPARTICLEBOXEMITTER.OBJ
C:\USERS\GVH\DOWNLOADS\IRRLICHT-1.8\IRRLICHT-1.8\SOURCE\IRRLICHT\OBJ\DEBUG\CPARTICLECYLINDEREMITTER.OBJ
C:\USERS\GVH\DOWNLOADS\IRRLICHT-1.8\IRRLICHT-1.8\SOURCE\IRRLICHT\OBJ\DEBUG\CPARTICLEFADEOUTAFFECTOR.OBJ
C:\USERS\GVH\DOWNLOADS\IRRLICHT-1.8\IRRLICHT-1.8\SOURCE\IRRLICHT\OBJ\DEBUG\CPARTICLEGRAVITYAFFECTOR.OBJ
C:\USERS\GVH\DOWNLOADS\IRRLICHT-1.8\IRRLICHT-1.8\SOURCE\IRRLICHT\OBJ\DEBUG\CPARTICLEMESHEMITTER.OBJ
C:\USERS\GVH\DOWNLOADS\IRRLICHT-1.8\IRRLICHT-1.8\SOURCE\IRRLICHT\OBJ\DEBUG\CPARTICLEPOINTEMITTER.OBJ
C:\USERS\GVH\DOWNLOADS\IRRLICHT-1.8\IRRLICHT-1.8\SOURCE\IRRLICHT\OBJ\DEBUG\CPARTICLERINGEMITTER.OBJ
C:\USERS\GVH\DOWNLOADS\IRRLICHT-1.8\IRRLICHT-1.8\SOURCE\IRRLICHT\OBJ\DEBUG\CPARTICLEROTATIONAFFECTOR.OBJ
C:\USERS\GVH\DOWNLOADS\IRRLICHT-1.8\IRRLICHT-1.8\SOURCE\IRRLICHT\OBJ\DEBUG\CPARTICLESCALEAFFECTOR.OBJ
C:\USERS\GVH\DOWNLOADS\IRRLICHT-1.8\IRRLICHT-1.8\SOURCE\IRRLICHT\OBJ\DEBUG\CPARTICLESPHEREEMITTER.OBJ
C:\USERS\GVH\DOWNLOADS\IRRLICHT-1.8\IRRLICHT-1.8\SOURCE\IRRLICHT\OBJ\DEBUG\CPARTICLESYSTEMSCENENODE.OBJ
C:\USERS\GVH\DOWNLOADS\IRRLICHT-1.8\IRRLICHT-1.8\SOURCE\IRRLICHT\OBJ\DEBUG\CPLYMESHFILELOADER.OBJ
C:\USERS\GVH\DOWNLOADS\IRRLICHT-1.8\IRRLICHT-1.8\SOURCE\IRRLICHT\OBJ\DEBUG\CPLYMESHWRITER.OBJ
C:\USERS\GVH\DOWNLOADS\IRRLICHT-1.8\IRRLICHT-1.8\SOURCE\IRRLICHT\OBJ\DEBUG\CQ3LEVELMESH.OBJ
C:\USERS\GVH\DOWNLOADS\IRRLICHT-1.8\IRRLICHT-1.8\SOURCE\IRRLICHT\OBJ\DEBUG\CQUAKE3SHADERSCENENODE.OBJ
C:\USERS\GVH\DOWNLOADS\IRRLICHT-1.8\IRRLICHT-1.8\SOURCE\IRRLICHT\OBJ\DEBUG\CRC32.OBJ
C:\USERS\GVH\DOWNLOADS\IRRLICHT-1.8\IRRLICHT-1.8\SOURCE\IRRLICHT\OBJ\DEBUG\CRCTABLE.OBJ
C:\USERS\GVH\DOWNLOADS\IRRLICHT-1.8\IRRLICHT-1.8\SOURCE\IRRLICHT\OBJ\DEBUG\CREADFILE.OBJ
C:\USERS\GVH\DOWNLOADS\IRRLICHT-1.8\IRRLICHT-1.8\SOURCE\IRRLICHT\OBJ\DEBUG\CSCENECOLLISIONMANAGER.OBJ
C:\USERS\GVH\DOWNLOADS\IRRLICHT-1.8\IRRLICHT-1.8\SOURCE\IRRLICHT\OBJ\DEBUG\CSCENELOADERIRR.OBJ
C:\USERS\GVH\DOWNLOADS\IRRLICHT-1.8\IRRLICHT-1.8\SOURCE\IRRLICHT\OBJ\DEBUG\CSCENEMANAGER.OBJ
C:\USERS\GVH\DOWNLOADS\IRRLICHT-1.8\IRRLICHT-1.8\SOURCE\IRRLICHT\OBJ\DEBUG\CSCENENODEANIMATORCAMERAFPS.OBJ
C:\USERS\GVH\DOWNLOADS\IRRLICHT-1.8\IRRLICHT-1.8\SOURCE\IRRLICHT\OBJ\DEBUG\CSCENENODEANIMATORCAMERAMAYA.OBJ
C:\USERS\GVH\DOWNLOADS\IRRLICHT-1.8\IRRLICHT-1.8\SOURCE\IRRLICHT\OBJ\DEBUG\CSCENENODEANIMATORCOLLISIONRESPONSE.OBJ
C:\USERS\GVH\DOWNLOADS\IRRLICHT-1.8\IRRLICHT-1.8\SOURCE\IRRLICHT\OBJ\DEBUG\CSCENENODEANIMATORDELETE.OBJ
C:\USERS\GVH\DOWNLOADS\IRRLICHT-1.8\IRRLICHT-1.8\SOURCE\IRRLICHT\OBJ\DEBUG\CSCENENODEANIMATORFLYCIRCLE.OBJ
C:\USERS\GVH\DOWNLOADS\IRRLICHT-1.8\IRRLICHT-1.8\SOURCE\IRRLICHT\OBJ\DEBUG\CSCENENODEANIMATORFLYSTRAIGHT.OBJ
C:\USERS\GVH\DOWNLOADS\IRRLICHT-1.8\IRRLICHT-1.8\SOURCE\IRRLICHT\OBJ\DEBUG\CSCENENODEANIMATORFOLLOWSPLINE.OBJ
C:\USERS\GVH\DOWNLOADS\IRRLICHT-1.8\IRRLICHT-1.8\SOURCE\IRRLICHT\OBJ\DEBUG\CSCENENODEANIMATORROTATION.OBJ
C:\USERS\GVH\DOWNLOADS\IRRLICHT-1.8\IRRLICHT-1.8\SOURCE\IRRLICHT\OBJ\DEBUG\CSCENENODEANIMATORTEXTURE.OBJ
C:\USERS\GVH\DOWNLOADS\IRRLICHT-1.8\IRRLICHT-1.8\SOURCE\IRRLICHT\OBJ\DEBUG\CSHADOWVOLUMESCENENODE.OBJ
C:\USERS\GVH\DOWNLOADS\IRRLICHT-1.8\IRRLICHT-1.8\SOURCE\IRRLICHT\OBJ\DEBUG\CSKINNEDMESH.OBJ
C:\USERS\GVH\DOWNLOADS\IRRLICHT-1.8\IRRLICHT-1.8\SOURCE\IRRLICHT\OBJ\DEBUG\CSKYBOXSCENENODE.OBJ
C:\USERS\GVH\DOWNLOADS\IRRLICHT-1.8\IRRLICHT-1.8\SOURCE\IRRLICHT\OBJ\DEBUG\CSKYDOMESCENENODE.OBJ
C:\USERS\GVH\DOWNLOADS\IRRLICHT-1.8\IRRLICHT-1.8\SOURCE\IRRLICHT\OBJ\DEBUG\CSMFMESHFILELOADER.OBJ
C:\USERS\GVH\DOWNLOADS\IRRLICHT-1.8\IRRLICHT-1.8\SOURCE\IRRLICHT\OBJ\DEBUG\CSOFTWAREDRIVER.OBJ
C:\USERS\GVH\DOWNLOADS\IRRLICHT-1.8\IRRLICHT-1.8\SOURCE\IRRLICHT\OBJ\DEBUG\CSOFTWAREDRIVER2.OBJ
C:\USERS\GVH\DOWNLOADS\IRRLICHT-1.8\IRRLICHT-1.8\SOURCE\IRRLICHT\OBJ\DEBUG\CSOFTWARETEXTURE.OBJ
C:\USERS\GVH\DOWNLOADS\IRRLICHT-1.8\IRRLICHT-1.8\SOURCE\IRRLICHT\OBJ\DEBUG\CSOFTWARETEXTURE2.OBJ
C:\USERS\GVH\DOWNLOADS\IRRLICHT-1.8\IRRLICHT-1.8\SOURCE\IRRLICHT\OBJ\DEBUG\CSPHERESCENENODE.OBJ
C:\USERS\GVH\DOWNLOADS\IRRLICHT-1.8\IRRLICHT-1.8\SOURCE\IRRLICHT\OBJ\DEBUG\CSTLMESHFILELOADER.OBJ
C:\USERS\GVH\DOWNLOADS\IRRLICHT-1.8\IRRLICHT-1.8\SOURCE\IRRLICHT\OBJ\DEBUG\CSTLMESHWRITER.OBJ
C:\USERS\GVH\DOWNLOADS\IRRLICHT-1.8\IRRLICHT-1.8\SOURCE\IRRLICHT\OBJ\DEBUG\CTARREADER.OBJ
C:\USERS\GVH\DOWNLOADS\IRRLICHT-1.8\IRRLICHT-1.8\SOURCE\IRRLICHT\OBJ\DEBUG\CTERRAINSCENENODE.OBJ
C:\USERS\GVH\DOWNLOADS\IRRLICHT-1.8\IRRLICHT-1.8\SOURCE\IRRLICHT\OBJ\DEBUG\CTERRAINTRIANGLESELECTOR.OBJ
C:\USERS\GVH\DOWNLOADS\IRRLICHT-1.8\IRRLICHT-1.8\SOURCE\IRRLICHT\OBJ\DEBUG\CTEXTSCENENODE.OBJ
C:\USERS\GVH\DOWNLOADS\IRRLICHT-1.8\IRRLICHT-1.8\SOURCE\IRRLICHT\OBJ\DEBUG\CTRFLAT.OBJ
C:\USERS\GVH\DOWNLOADS\IRRLICHT-1.8\IRRLICHT-1.8\SOURCE\IRRLICHT\OBJ\DEBUG\CTRFLATWIRE.OBJ
C:\USERS\GVH\DOWNLOADS\IRRLICHT-1.8\IRRLICHT-1.8\SOURCE\IRRLICHT\OBJ\DEBUG\CTRGOURAUD.OBJ
C:\USERS\GVH\DOWNLOADS\IRRLICHT-1.8\IRRLICHT-1.8\SOURCE\IRRLICHT\OBJ\DEBUG\CTRGOURAUD2.OBJ
C:\USERS\GVH\DOWNLOADS\IRRLICHT-1.8\IRRLICHT-1.8\SOURCE\IRRLICHT\OBJ\DEBUG\CTRGOURAUDALPHA2.OBJ
C:\USERS\GVH\DOWNLOADS\IRRLICHT-1.8\IRRLICHT-1.8\SOURCE\IRRLICHT\OBJ\DEBUG\CTRGOURAUDALPHANOZ2.OBJ
C:\USERS\GVH\DOWNLOADS\IRRLICHT-1.8\IRRLICHT-1.8\SOURCE\IRRLICHT\OBJ\DEBUG\CTRGOURAUDWIRE.OBJ
C:\USERS\GVH\DOWNLOADS\IRRLICHT-1.8\IRRLICHT-1.8\SOURCE\IRRLICHT\OBJ\DEBUG\CTRIANGLEBBSELECTOR.OBJ
C:\USERS\GVH\DOWNLOADS\IRRLICHT-1.8\IRRLICHT-1.8\SOURCE\IRRLICHT\OBJ\DEBUG\CTRIANGLESELECTOR.OBJ
C:\USERS\GVH\DOWNLOADS\IRRLICHT-1.8\IRRLICHT-1.8\SOURCE\IRRLICHT\OBJ\DEBUG\CTRNORMALMAP.OBJ
C:\USERS\GVH\DOWNLOADS\IRRLICHT-1.8\IRRLICHT-1.8\SOURCE\IRRLICHT\OBJ\DEBUG\CTRSTENCILSHADOW.OBJ
C:\USERS\GVH\DOWNLOADS\IRRLICHT-1.8\IRRLICHT-1.8\SOURCE\IRRLICHT\OBJ\DEBUG\CTRTEXTUREBLEND.OBJ
C:\USERS\GVH\DOWNLOADS\IRRLICHT-1.8\IRRLICHT-1.8\SOURCE\IRRLICHT\OBJ\DEBUG\CTRTEXTUREDETAILMAP2.OBJ
C:\USERS\GVH\DOWNLOADS\IRRLICHT-1.8\IRRLICHT-1.8\SOURCE\IRRLICHT\OBJ\DEBUG\CTRTEXTUREFLAT.OBJ
C:\USERS\GVH\DOWNLOADS\IRRLICHT-1.8\IRRLICHT-1.8\SOURCE\IRRLICHT\OBJ\DEBUG\CTRTEXTUREFLATWIRE.OBJ
C:\USERS\GVH\DOWNLOADS\IRRLICHT-1.8\IRRLICHT-1.8\SOURCE\IRRLICHT\OBJ\DEBUG\CTRTEXTUREGOURAUD.OBJ
C:\USERS\GVH\DOWNLOADS\IRRLICHT-1.8\IRRLICHT-1.8\SOURCE\IRRLICHT\OBJ\DEBUG\CTRTEXTUREGOURAUD2.OBJ
C:\USERS\GVH\DOWNLOADS\IRRLICHT-1.8\IRRLICHT-1.8\SOURCE\IRRLICHT\OBJ\DEBUG\CTRTEXTUREGOURAUDADD.OBJ
C:\USERS\GVH\DOWNLOADS\IRRLICHT-1.8\IRRLICHT-1.8\SOURCE\IRRLICHT\OBJ\DEBUG\CTRTEXTUREGOURAUDADD2.OBJ
C:\USERS\GVH\DOWNLOADS\IRRLICHT-1.8\IRRLICHT-1.8\SOURCE\IRRLICHT\OBJ\DEBUG\CTRTEXTUREGOURAUDADDNOZ2.OBJ
C:\USERS\GVH\DOWNLOADS\IRRLICHT-1.8\IRRLICHT-1.8\SOURCE\IRRLICHT\OBJ\DEBUG\CTRTEXTUREGOURAUDALPHA.OBJ
C:\USERS\GVH\DOWNLOADS\IRRLICHT-1.8\IRRLICHT-1.8\SOURCE\IRRLICHT\OBJ\DEBUG\CTRTEXTUREGOURAUDALPHANOZ.OBJ
C:\USERS\GVH\DOWNLOADS\IRRLICHT-1.8\IRRLICHT-1.8\SOURCE\IRRLICHT\OBJ\DEBUG\CTRTEXTUREGOURAUDNOZ.OBJ
C:\USERS\GVH\DOWNLOADS\IRRLICHT-1.8\IRRLICHT-1.8\SOURCE\IRRLICHT\OBJ\DEBUG\CTRTEXTUREGOURAUDNOZ2.OBJ
C:\USERS\GVH\DOWNLOADS\IRRLICHT-1.8\IRRLICHT-1.8\SOURCE\IRRLICHT\OBJ\DEBUG\CTRTEXTUREGOURAUDVERTEXALPHA2.OBJ
C:\USERS\GVH\DOWNLOADS\IRRLICHT-1.8\IRRLICHT-1.8\SOURCE\IRRLICHT\OBJ\DEBUG\CTRTEXTUREGOURAUDWIRE.OBJ
C:\USERS\GVH\DOWNLOADS\IRRLICHT-1.8\IRRLICHT-1.8\SOURCE\IRRLICHT\OBJ\DEBUG\CTRTEXTURELIGHTMAP2_ADD.OBJ
C:\USERS\GVH\DOWNLOADS\IRRLICHT-1.8\IRRLICHT-1.8\SOURCE\IRRLICHT\OBJ\DEBUG\CTRTEXTURELIGHTMAP2_M1.OBJ
C:\USERS\GVH\DOWNLOADS\IRRLICHT-1.8\IRRLICHT-1.8\SOURCE\IRRLICHT\OBJ\DEBUG\CTRTEXTURELIGHTMAP2_M2.OBJ
C:\USERS\GVH\DOWNLOADS\IRRLICHT-1.8\IRRLICHT-1.8\SOURCE\IRRLICHT\OBJ\DEBUG\CTRTEXTURELIGHTMAP2_M4.OBJ
C:\USERS\GVH\DOWNLOADS\IRRLICHT-1.8\IRRLICHT-1.8\SOURCE\IRRLICHT\OBJ\DEBUG\CTRTEXTURELIGHTMAPGOURAUD2_M4.OBJ
C:\USERS\GVH\DOWNLOADS\IRRLICHT-1.8\IRRLICHT-1.8\SOURCE\IRRLICHT\OBJ\DEBUG\CTRTEXTUREWIRE2.OBJ
C:\USERS\GVH\DOWNLOADS\IRRLICHT-1.8\IRRLICHT-1.8\SOURCE\IRRLICHT\OBJ\DEBUG\CVIDEOMODELIST.OBJ
C:\USERS\GVH\DOWNLOADS\IRRLICHT-1.8\IRRLICHT-1.8\SOURCE\IRRLICHT\OBJ\DEBUG\CVOLUMELIGHTSCENENODE.OBJ
C:\USERS\GVH\DOWNLOADS\IRRLICHT-1.8\IRRLICHT-1.8\SOURCE\IRRLICHT\OBJ\DEBUG\CWADREADER.OBJ
C:\USERS\GVH\DOWNLOADS\IRRLICHT-1.8\IRRLICHT-1.8\SOURCE\IRRLICHT\OBJ\DEBUG\CWATERSURFACESCENENODE.OBJ
C:\USERS\GVH\DOWNLOADS\IRRLICHT-1.8\IRRLICHT-1.8\SOURCE\IRRLICHT\OBJ\DEBUG\CWRITEFILE.OBJ
C:\USERS\GVH\DOWNLOADS\IRRLICHT-1.8\IRRLICHT-1.8\SOURCE\IRRLICHT\OBJ\DEBUG\CXMESHFILELOADER.OBJ
C:\USERS\GVH\DOWNLOADS\IRRLICHT-1.8\IRRLICHT-1.8\SOURCE\IRRLICHT\OBJ\DEBUG\CXMLREADER.OBJ
C:\USERS\GVH\DOWNLOADS\IRRLICHT-1.8\IRRLICHT-1.8\SOURCE\IRRLICHT\OBJ\DEBUG\CXMLWRITER.OBJ
C:\USERS\GVH\DOWNLOADS\IRRLICHT-1.8\IRRLICHT-1.8\SOURCE\IRRLICHT\OBJ\DEBUG\CZBUFFER.OBJ
C:\USERS\GVH\DOWNLOADS\IRRLICHT-1.8\IRRLICHT-1.8\SOURCE\IRRLICHT\OBJ\DEBUG\CZIPREADER.OBJ
C:\USERS\GVH\DOWNLOADS\IRRLICHT-1.8\IRRLICHT-1.8\SOURCE\IRRLICHT\OBJ\DEBUG\DECOMPRESS.OBJ
C:\USERS\GVH\DOWNLOADS\IRRLICHT-1.8\IRRLICHT-1.8\SOURCE\IRRLICHT\OBJ\DEBUG\DEFLATE.OBJ
C:\USERS\GVH\DOWNLOADS\IRRLICHT-1.8\IRRLICHT-1.8\SOURCE\IRRLICHT\OBJ\DEBUG\FILEENC.OBJ
C:\USERS\GVH\DOWNLOADS\IRRLICHT-1.8\IRRLICHT-1.8\SOURCE\IRRLICHT\OBJ\DEBUG\HMAC.OBJ
C:\USERS\GVH\DOWNLOADS\IRRLICHT-1.8\IRRLICHT-1.8\SOURCE\IRRLICHT\OBJ\DEBUG\HUFFMAN.OBJ
C:\USERS\GVH\DOWNLOADS\IRRLICHT-1.8\IRRLICHT-1.8\SOURCE\IRRLICHT\OBJ\DEBUG\IBURNINGSHADER.OBJ
C:\USERS\GVH\DOWNLOADS\IRRLICHT-1.8\IRRLICHT-1.8\SOURCE\IRRLICHT\OBJ\DEBUG\INFFAST.OBJ
C:\USERS\GVH\DOWNLOADS\IRRLICHT-1.8\IRRLICHT-1.8\SOURCE\IRRLICHT\OBJ\DEBUG\INFLATE.OBJ
C:\USERS\GVH\DOWNLOADS\IRRLICHT-1.8\IRRLICHT-1.8\SOURCE\IRRLICHT\OBJ\DEBUG\INFTREES.OBJ
C:\USERS\GVH\DOWNLOADS\IRRLICHT-1.8\IRRLICHT-1.8\SOURCE\IRRLICHT\OBJ\DEBUG\IRRLICHT.DLL.EMBED.MANIFEST
C:\USERS\GVH\DOWNLOADS\IRRLICHT-1.8\IRRLICHT-1.8\SOURCE\IRRLICHT\OBJ\DEBUG\IRRLICHT.DLL.EMBED.MANIFEST.RES
C:\USERS\GVH\DOWNLOADS\IRRLICHT-1.8\IRRLICHT-1.8\SOURCE\IRRLICHT\OBJ\DEBUG\IRRLICHT.DLL.INTERMEDIATE.MANIFEST
C:\USERS\GVH\DOWNLOADS\IRRLICHT-1.8\IRRLICHT-1.8\SOURCE\IRRLICHT\OBJ\DEBUG\IRRLICHT.OBJ
C:\USERS\GVH\DOWNLOADS\IRRLICHT-1.8\IRRLICHT-1.8\SOURCE\IRRLICHT\OBJ\DEBUG\IRRLICHT.RES
C:\Users\GvH\Downloads\irrlicht-1.8\irrlicht-1.8\source\Irrlicht\obj\Debug\Irrlicht.write.1.tlog
C:\Users\GvH\Downloads\irrlicht-1.8\irrlicht-1.8\source\Irrlicht\obj\Debug\Irrlicht_manifest.rc
C:\Users\GvH\Downloads\irrlicht-1.8\irrlicht-1.8\source\Irrlicht\obj\Debug\Irrlicht10.0.vcxprojResolveAssemblyReference.cache
C:\USERS\GVH\DOWNLOADS\IRRLICHT-1.8\IRRLICHT-1.8\SOURCE\IRRLICHT\OBJ\DEBUG\IRRXML.OBJ
C:\USERS\GVH\DOWNLOADS\IRRLICHT-1.8\IRRLICHT-1.8\SOURCE\IRRLICHT\OBJ\DEBUG\JARICOM.OBJ
C:\USERS\GVH\DOWNLOADS\IRRLICHT-1.8\IRRLICHT-1.8\SOURCE\IRRLICHT\OBJ\DEBUG\JCAPIMIN.OBJ
C:\USERS\GVH\DOWNLOADS\IRRLICHT-1.8\IRRLICHT-1.8\SOURCE\IRRLICHT\OBJ\DEBUG\JCAPISTD.OBJ
C:\USERS\GVH\DOWNLOADS\IRRLICHT-1.8\IRRLICHT-1.8\SOURCE\IRRLICHT\OBJ\DEBUG\JCARITH.OBJ
C:\USERS\GVH\DOWNLOADS\IRRLICHT-1.8\IRRLICHT-1.8\SOURCE\IRRLICHT\OBJ\DEBUG\JCCOEFCT.OBJ
C:\USERS\GVH\DOWNLOADS\IRRLICHT-1.8\IRRLICHT-1.8\SOURCE\IRRLICHT\OBJ\DEBUG\JCCOLOR.OBJ
C:\USERS\GVH\DOWNLOADS\IRRLICHT-1.8\IRRLICHT-1.8\SOURCE\IRRLICHT\OBJ\DEBUG\JCDCTMGR.OBJ
C:\USERS\GVH\DOWNLOADS\IRRLICHT-1.8\IRRLICHT-1.8\SOURCE\IRRLICHT\OBJ\DEBUG\JCHUFF.OBJ
C:\USERS\GVH\DOWNLOADS\IRRLICHT-1.8\IRRLICHT-1.8\SOURCE\IRRLICHT\OBJ\DEBUG\JCINIT.OBJ
C:\USERS\GVH\DOWNLOADS\IRRLICHT-1.8\IRRLICHT-1.8\SOURCE\IRRLICHT\OBJ\DEBUG\JCMAINCT.OBJ
C:\USERS\GVH\DOWNLOADS\IRRLICHT-1.8\IRRLICHT-1.8\SOURCE\IRRLICHT\OBJ\DEBUG\JCMARKER.OBJ
C:\USERS\GVH\DOWNLOADS\IRRLICHT-1.8\IRRLICHT-1.8\SOURCE\IRRLICHT\OBJ\DEBUG\JCMASTER.OBJ
C:\USERS\GVH\DOWNLOADS\IRRLICHT-1.8\IRRLICHT-1.8\SOURCE\IRRLICHT\OBJ\DEBUG\JCOMAPI.OBJ
C:\USERS\GVH\DOWNLOADS\IRRLICHT-1.8\IRRLICHT-1.8\SOURCE\IRRLICHT\OBJ\DEBUG\JCPARAM.OBJ
C:\USERS\GVH\DOWNLOADS\IRRLICHT-1.8\IRRLICHT-1.8\SOURCE\IRRLICHT\OBJ\DEBUG\JCPREPCT.OBJ
C:\USERS\GVH\DOWNLOADS\IRRLICHT-1.8\IRRLICHT-1.8\SOURCE\IRRLICHT\OBJ\DEBUG\JCSAMPLE.OBJ
C:\USERS\GVH\DOWNLOADS\IRRLICHT-1.8\IRRLICHT-1.8\SOURCE\IRRLICHT\OBJ\DEBUG\JCTRANS.OBJ
C:\USERS\GVH\DOWNLOADS\IRRLICHT-1.8\IRRLICHT-1.8\SOURCE\IRRLICHT\OBJ\DEBUG\JDAPIMIN.OBJ
C:\USERS\GVH\DOWNLOADS\IRRLICHT-1.8\IRRLICHT-1.8\SOURCE\IRRLICHT\OBJ\DEBUG\JDAPISTD.OBJ
C:\USERS\GVH\DOWNLOADS\IRRLICHT-1.8\IRRLICHT-1.8\SOURCE\IRRLICHT\OBJ\DEBUG\JDARITH.OBJ
C:\USERS\GVH\DOWNLOADS\IRRLICHT-1.8\IRRLICHT-1.8\SOURCE\IRRLICHT\OBJ\DEBUG\JDATADST.OBJ
C:\USERS\GVH\DOWNLOADS\IRRLICHT-1.8\IRRLICHT-1.8\SOURCE\IRRLICHT\OBJ\DEBUG\JDATASRC.OBJ
C:\USERS\GVH\DOWNLOADS\IRRLICHT-1.8\IRRLICHT-1.8\SOURCE\IRRLICHT\OBJ\DEBUG\JDCOEFCT.OBJ
C:\USERS\GVH\DOWNLOADS\IRRLICHT-1.8\IRRLICHT-1.8\SOURCE\IRRLICHT\OBJ\DEBUG\JDCOLOR.OBJ
C:\USERS\GVH\DOWNLOADS\IRRLICHT-1.8\IRRLICHT-1.8\SOURCE\IRRLICHT\OBJ\DEBUG\JDDCTMGR.OBJ
C:\USERS\GVH\DOWNLOADS\IRRLICHT-1.8\IRRLICHT-1.8\SOURCE\IRRLICHT\OBJ\DEBUG\JDHUFF.OBJ
C:\USERS\GVH\DOWNLOADS\IRRLICHT-1.8\IRRLICHT-1.8\SOURCE\IRRLICHT\OBJ\DEBUG\JDINPUT.OBJ
C:\USERS\GVH\DOWNLOADS\IRRLICHT-1.8\IRRLICHT-1.8\SOURCE\IRRLICHT\OBJ\DEBUG\JDMAINCT.OBJ
C:\USERS\GVH\DOWNLOADS\IRRLICHT-1.8\IRRLICHT-1.8\SOURCE\IRRLICHT\OBJ\DEBUG\JDMARKER.OBJ
C:\USERS\GVH\DOWNLOADS\IRRLICHT-1.8\IRRLICHT-1.8\SOURCE\IRRLICHT\OBJ\DEBUG\JDMASTER.OBJ
C:\USERS\GVH\DOWNLOADS\IRRLICHT-1.8\IRRLICHT-1.8\SOURCE\IRRLICHT\OBJ\DEBUG\JDMERGE.OBJ
C:\USERS\GVH\DOWNLOADS\IRRLICHT-1.8\IRRLICHT-1.8\SOURCE\IRRLICHT\OBJ\DEBUG\JDPOSTCT.OBJ
C:\USERS\GVH\DOWNLOADS\IRRLICHT-1.8\IRRLICHT-1.8\SOURCE\IRRLICHT\OBJ\DEBUG\JDSAMPLE.OBJ
C:\USERS\GVH\DOWNLOADS\IRRLICHT-1.8\IRRLICHT-1.8\SOURCE\IRRLICHT\OBJ\DEBUG\JDTRANS.OBJ
C:\USERS\GVH\DOWNLOADS\IRRLICHT-1.8\IRRLICHT-1.8\SOURCE\IRRLICHT\OBJ\DEBUG\JERROR.OBJ
C:\USERS\GVH\DOWNLOADS\IRRLICHT-1.8\IRRLICHT-1.8\SOURCE\IRRLICHT\OBJ\DEBUG\JFDCTFLT.OBJ
C:\USERS\GVH\DOWNLOADS\IRRLICHT-1.8\IRRLICHT-1.8\SOURCE\IRRLICHT\OBJ\DEBUG\JFDCTFST.OBJ
C:\USERS\GVH\DOWNLOADS\IRRLICHT-1.8\IRRLICHT-1.8\SOURCE\IRRLICHT\OBJ\DEBUG\JFDCTINT.OBJ
C:\USERS\GVH\DOWNLOADS\IRRLICHT-1.8\IRRLICHT-1.8\SOURCE\IRRLICHT\OBJ\DEBUG\JIDCTFLT.OBJ
C:\USERS\GVH\DOWNLOADS\IRRLICHT-1.8\IRRLICHT-1.8\SOURCE\IRRLICHT\OBJ\DEBUG\JIDCTFST.OBJ
C:\USERS\GVH\DOWNLOADS\IRRLICHT-1.8\IRRLICHT-1.8\SOURCE\IRRLICHT\OBJ\DEBUG\JIDCTINT.OBJ
C:\USERS\GVH\DOWNLOADS\IRRLICHT-1.8\IRRLICHT-1.8\SOURCE\IRRLICHT\OBJ\DEBUG\JMEMMGR.OBJ
C:\USERS\GVH\DOWNLOADS\IRRLICHT-1.8\IRRLICHT-1.8\SOURCE\IRRLICHT\OBJ\DEBUG\JMEMNOBS.OBJ
C:\USERS\GVH\DOWNLOADS\IRRLICHT-1.8\IRRLICHT-1.8\SOURCE\IRRLICHT\OBJ\DEBUG\JQUANT1.OBJ
C:\USERS\GVH\DOWNLOADS\IRRLICHT-1.8\IRRLICHT-1.8\SOURCE\IRRLICHT\OBJ\DEBUG\JQUANT2.OBJ
C:\USERS\GVH\DOWNLOADS\IRRLICHT-1.8\IRRLICHT-1.8\SOURCE\IRRLICHT\OBJ\DEBUG\JUTILS.OBJ
C:\Users\GvH\Downloads\irrlicht-1.8\irrlicht-1.8\source\Irrlicht\obj\Debug\link.command.1.tlog
C:\Users\GvH\Downloads\irrlicht-1.8\irrlicht-1.8\source\Irrlicht\obj\Debug\link.read.1.tlog
C:\Users\GvH\Downloads\irrlicht-1.8\irrlicht-1.8\source\Irrlicht\obj\Debug\link.write.1.tlog
C:\Users\GvH\Downloads\irrlicht-1.8\irrlicht-1.8\source\Irrlicht\obj\Debug\link-cvtres.read.1.tlog
C:\Users\GvH\Downloads\irrlicht-1.8\irrlicht-1.8\source\Irrlicht\obj\Debug\link-cvtres.write.1.tlog
C:\USERS\GVH\DOWNLOADS\IRRLICHT-1.8\IRRLICHT-1.8\SOURCE\IRRLICHT\OBJ\DEBUG\LZMADEC.OBJ
C:\Users\GvH\Downloads\irrlicht-1.8\irrlicht-1.8\source\Irrlicht\obj\Debug\mt.command.1.tlog
C:\Users\GvH\Downloads\irrlicht-1.8\irrlicht-1.8\source\Irrlicht\obj\Debug\mt.read.1.tlog
C:\Users\GvH\Downloads\irrlicht-1.8\irrlicht-1.8\source\Irrlicht\obj\Debug\mt.write.1.tlog
C:\USERS\GVH\DOWNLOADS\IRRLICHT-1.8\IRRLICHT-1.8\SOURCE\IRRLICHT\OBJ\DEBUG\OS.OBJ
C:\USERS\GVH\DOWNLOADS\IRRLICHT-1.8\IRRLICHT-1.8\SOURCE\IRRLICHT\OBJ\DEBUG\PNG.OBJ
C:\USERS\GVH\DOWNLOADS\IRRLICHT-1.8\IRRLICHT-1.8\SOURCE\IRRLICHT\OBJ\DEBUG\PNGERROR.OBJ
C:\USERS\GVH\DOWNLOADS\IRRLICHT-1.8\IRRLICHT-1.8\SOURCE\IRRLICHT\OBJ\DEBUG\PNGGET.OBJ
C:\USERS\GVH\DOWNLOADS\IRRLICHT-1.8\IRRLICHT-1.8\SOURCE\IRRLICHT\OBJ\DEBUG\PNGMEM.OBJ
C:\USERS\GVH\DOWNLOADS\IRRLICHT-1.8\IRRLICHT-1.8\SOURCE\IRRLICHT\OBJ\DEBUG\PNGPREAD.OBJ
C:\USERS\GVH\DOWNLOADS\IRRLICHT-1.8\IRRLICHT-1.8\SOURCE\IRRLICHT\OBJ\DEBUG\PNGREAD.OBJ
C:\USERS\GVH\DOWNLOADS\IRRLICHT-1.8\IRRLICHT-1.8\SOURCE\IRRLICHT\OBJ\DEBUG\PNGRIO.OBJ
C:\USERS\GVH\DOWNLOADS\IRRLICHT-1.8\IRRLICHT-1.8\SOURCE\IRRLICHT\OBJ\DEBUG\PNGRTRAN.OBJ
C:\USERS\GVH\DOWNLOADS\IRRLICHT-1.8\IRRLICHT-1.8\SOURCE\IRRLICHT\OBJ\DEBUG\PNGRUTIL.OBJ
C:\USERS\GVH\DOWNLOADS\IRRLICHT-1.8\IRRLICHT-1.8\SOURCE\IRRLICHT\OBJ\DEBUG\PNGSET.OBJ
C:\USERS\GVH\DOWNLOADS\IRRLICHT-1.8\IRRLICHT-1.8\SOURCE\IRRLICHT\OBJ\DEBUG\PNGTRANS.OBJ
C:\USERS\GVH\DOWNLOADS\IRRLICHT-1.8\IRRLICHT-1.8\SOURCE\IRRLICHT\OBJ\DEBUG\PNGWIO.OBJ
C:\USERS\GVH\DOWNLOADS\IRRLICHT-1.8\IRRLICHT-1.8\SOURCE\IRRLICHT\OBJ\DEBUG\PNGWRITE.OBJ
C:\USERS\GVH\DOWNLOADS\IRRLICHT-1.8\IRRLICHT-1.8\SOURCE\IRRLICHT\OBJ\DEBUG\PNGWTRAN.OBJ
C:\USERS\GVH\DOWNLOADS\IRRLICHT-1.8\IRRLICHT-1.8\SOURCE\IRRLICHT\OBJ\DEBUG\PNGWUTIL.OBJ
C:\USERS\GVH\DOWNLOADS\IRRLICHT-1.8\IRRLICHT-1.8\SOURCE\IRRLICHT\OBJ\DEBUG\PRNG.OBJ
C:\USERS\GVH\DOWNLOADS\IRRLICHT-1.8\IRRLICHT-1.8\SOURCE\IRRLICHT\OBJ\DEBUG\PWD2KEY.OBJ
C:\USERS\GVH\DOWNLOADS\IRRLICHT-1.8\IRRLICHT-1.8\SOURCE\IRRLICHT\OBJ\DEBUG\RANDTABLE.OBJ
C:\Users\GvH\Downloads\irrlicht-1.8\irrlicht-1.8\source\Irrlicht\obj\Debug\rc.command.1.tlog
C:\Users\GvH\Downloads\irrlicht-1.8\irrlicht-1.8\source\Irrlicht\obj\Debug\rc.read.1.tlog
C:\Users\GvH\Downloads\irrlicht-1.8\irrlicht-1.8\source\Irrlicht\obj\Debug\rc.write.1.tlog
C:\USERS\GVH\DOWNLOADS\IRRLICHT-1.8\IRRLICHT-1.8\SOURCE\IRRLICHT\OBJ\DEBUG\SHA1.OBJ
C:\USERS\GVH\DOWNLOADS\IRRLICHT-1.8\IRRLICHT-1.8\SOURCE\IRRLICHT\OBJ\DEBUG\SHA2.OBJ
C:\USERS\GVH\DOWNLOADS\IRRLICHT-1.8\IRRLICHT-1.8\SOURCE\IRRLICHT\OBJ\DEBUG\TREES.OBJ
C:\USERS\GVH\DOWNLOADS\IRRLICHT-1.8\IRRLICHT-1.8\SOURCE\IRRLICHT\OBJ\DEBUG\UNCOMPR.OBJ
C:\USERS\GVH\DOWNLOADS\IRRLICHT-1.8\IRRLICHT-1.8\SOURCE\IRRLICHT\OBJ\DEBUG\VC100.PDB
C:\USERS\GVH\DOWNLOADS\IRRLICHT-1.8\IRRLICHT-1.8\SOURCE\IRRLICHT\OBJ\DEBUG\ZUTIL.OBJ
