Build started 3/14/2013 11:27:46 PM.
     1>Project "C:\Users\Diego\Desktop\New folder\psi\psi-2013\psi-2013\lib sources\Irrlicht\source\Irrlicht\Irrlicht10.0.vcxproj" on node 2 (build target(s)).
     1>InitializeBuildStatus:
         Creating "obj\Debug\Irrlicht.unsuccessfulbuild" because "AlwaysCreate" was specified.
       ClCompile:
         All outputs are up-to-date.
         All outputs are up-to-date.
       ResourceCompile:
         All outputs are up-to-date.
       ManifestResourceCompile:
         All outputs are up-to-date.
       Link:
         All outputs are up-to-date.
       Manifest:
         All outputs are up-to-date.
       FinalizeBuildStatus:
         Deleting file "obj\Debug\Irrlicht.unsuccessfulbuild".
         Touching "obj\Debug\Irrlicht.lastbuildstate".
     1>Done Building Project "C:\Users\Diego\Desktop\New folder\psi\psi-2013\psi-2013\lib sources\Irrlicht\source\Irrlicht\Irrlicht10.0.vcxproj" (build target(s)).

Build succeeded.

Time Elapsed 00:00:00.30
