Build started 3/11/2013 3:39:51 PM.
     1>Project "C:\Users\Steven\Documents\PSI\psi-2013\source\Stella Incoginto\Stella Incoginto\Stella Incoginto.vcxproj" on node 2 (build target(s)).
     1>InitializeBuildStatus:
         Touching "Debug\Stella Incoginto.unsuccessfulbuild".
       ClCompile:
         All outputs are up-to-date.
         d:\Program Files (x86)\Microsoft Visual Studio 10.0\VC\bin\CL.exe /c /ZI /nologo /W3 /WX- /Od /Oy- /D SFML_STATIC /D WIN32 /D _DEBUG /D _CONSOLE /D _UNICODE /D UNICODE /Gm /EHsc /RTC1 /MDd /GS /fp:precise /Zc:wchar_t /Zc:forScope /Yu"StdAfx.h" /Fp"Debug\Stella Incoginto.pch" /Fo"Debug\\" /Fd"Debug\vc100.pdb" /Gd /TP /analyze- /errorReport:prompt net.cpp
         net.cpp
     1>c:\users\steven\documents\psi\psi-2013\source\stella incoginto\stella incoginto\net.cpp(97): warning C4805: '==' : unsafe mix of type 'BOOLEAN' and type 'bool' in operation
       ManifestResourceCompile:
         All outputs are up-to-date.
       Link:
         d:\Program Files (x86)\Microsoft Visual Studio 10.0\VC\bin\link.exe /ERRORREPORT:PROMPT /OUT:"C:\Users\Steven\Documents\PSI\psi-2013\source\Stella Incoginto\Debug\Stella Incoginto.exe" /INCREMENTAL /NOLOGO "sfml-system.lib" "sfml-network.lib" kernel32.lib user32.lib gdi32.lib winspool.lib comdlg32.lib advapi32.lib shell32.lib ole32.lib oleaut32.lib uuid.lib odbc32.lib odbccp32.lib kernel32.lib user32.lib gdi32.lib winspool.lib comdlg32.lib advapi32.lib shell32.lib ole32.lib oleaut32.lib uuid.lib odbc32.lib odbccp32.lib /MANIFEST /ManifestFile:"Debug\Stella Incoginto.exe.intermediate.manifest" /MANIFESTUAC:"level='asInvoker' uiAccess='false'" /DEBUG /PDB:"C:\Users\Steven\Documents\PSI\psi-2013\source\Stella Incoginto\Debug\Stella Incoginto.pdb" /SUBSYSTEM:CONSOLE /TLBID:1 /DYNAMICBASE /NXCOMPAT /IMPLIB:"C:\Users\Steven\Documents\PSI\psi-2013\source\Stella Incoginto\Debug\Stella Incoginto.lib" /MACHINE:X86 "Debug\Stella Incoginto.exe.embed.manifest.res"
         Debug\net.obj
         Debug\stdafx.obj
         "Debug\Stella Incoginto.obj"
       Manifest:
         C:\Program Files (x86)\Microsoft SDKs\Windows\v7.0A\bin\mt.exe /nologo /verbose /out:"Debug\Stella Incoginto.exe.embed.manifest" /manifest "Debug\Stella Incoginto.exe.intermediate.manifest"
         All outputs are up-to-date.
       LinkEmbedManifest:
         All outputs are up-to-date.
         Stella Incoginto.vcxproj -> C:\Users\Steven\Documents\PSI\psi-2013\source\Stella Incoginto\Debug\Stella Incoginto.exe
       FinalizeBuildStatus:
         Deleting file "Debug\Stella Incoginto.unsuccessfulbuild".
         Touching "Debug\Stella Incoginto.lastbuildstate".
     1>Done Building Project "C:\Users\Steven\Documents\PSI\psi-2013\source\Stella Incoginto\Stella Incoginto\Stella Incoginto.vcxproj" (build target(s)).

Build succeeded.

Time Elapsed 00:00:03.38
